0 info it worked if it ends with ok
1 verbose cli [ '/usr/local/bin/node', '/usr/local/bin/npm', 'publish' ]
2 info using npm@4.1.2
3 info using node@v6.7.0
4 verbose publish [ '.' ]
5 silly cache add args [ '.', null ]
6 verbose cache add spec .
7 silly cache add parsed spec Result {
7 silly cache add   raw: '.',
7 silly cache add   scope: null,
7 silly cache add   escapedName: null,
7 silly cache add   name: null,
7 silly cache add   rawSpec: '.',
7 silly cache add   spec: '/Users/Glagola/projects/easi/generator',
7 silly cache add   type: 'directory' }
8 verbose addLocalDirectory /Users/Glagola/.npm/easy-generator/1.0.0/package.tgz not in flight; packing
9 verbose correctMkdir /Users/Glagola/.npm correctMkdir not in flight; initializing
10 info lifecycle easy-generator@1.0.0~prepublish: easy-generator@1.0.0
11 silly lifecycle easy-generator@1.0.0~prepublish: no script for prepublish, continuing
12 info lifecycle easy-generator@1.0.0~prepare: easy-generator@1.0.0
13 silly lifecycle easy-generator@1.0.0~prepare: no script for prepare, continuing
14 verbose tar pack [ '/Users/Glagola/.npm/easy-generator/1.0.0/package.tgz',
14 verbose tar pack   '/Users/Glagola/projects/easi/generator' ]
15 verbose tarball /Users/Glagola/.npm/easy-generator/1.0.0/package.tgz
16 verbose folder /Users/Glagola/projects/easi/generator
17 verbose addLocalTarball adding from inside cache /Users/Glagola/.npm/easy-generator/1.0.0/package.tgz
18 verbose correctMkdir /Users/Glagola/.npm correctMkdir not in flight; initializing
19 silly cache afterAdd easy-generator@1.0.0
20 verbose afterAdd /Users/Glagola/.npm/easy-generator/1.0.0/package/package.json not in flight; writing
21 verbose correctMkdir /Users/Glagola/.npm correctMkdir not in flight; initializing
22 verbose afterAdd /Users/Glagola/.npm/easy-generator/1.0.0/package/package.json written
23 silly publish { name: 'easy-generator',
23 silly publish   version: '1.0.0',
23 silly publish   description: 'A simple template generator that utilizes handlebars',
23 silly publish   main: 'index.js',
23 silly publish   repository:
23 silly publish    { type: 'git',
23 silly publish      url: 'git+ssh://git@github.com/mglagola/easy-generator.git' },
23 silly publish   keywords: [ 'generator' ],
23 silly publish   author: { name: 'Mark Glagola' },
23 silly publish   license: 'MIT',
23 silly publish   bugs: { url: 'https://github.com/mglagola/easy-generator/issues' },
23 silly publish   homepage: 'https://github.com/mglagola/easy-generator#readme',
23 silly publish   devDependencies:
23 silly publish    { eslint: '^3.17.1',
23 silly publish      'eslint-plugin-node': '^4.2.1',
23 silly publish      'eslint-plugin-promise': '^3.5.0',
23 silly publish      'eslint-to-editorconfig': '^1.2.0' },
23 silly publish   dependencies:
23 silly publish    { bluebird: '^3.5.0',
23 silly publish      handlebars: '^4.0.6',
23 silly publish      lodash: '^4.17.4',
23 silly publish      mkdirp: '^0.5.1' },
23 silly publish   readme: '# Easy Generator\n\nA simple template generator that combs through a template directory (`templateDir`) and will compile all files via `handlebars`. The files are then written to the provided output directory (`outputDir`).\n\n## Install\n\n```bash\nnpm install --save easy-generator\n```\n\n## Simple Example\n\n```js\nconst gen = require(\'easy-generator\');\n\nconst outputDir = \'/Users/SOME_USER/Desktop/temp\';\nconst templateDir = \'./TEMPLATE_DIR\';\n\n// `data` is passed to every file in the templateDir for handlebars compilation\nconst data = {\n    name: \'Mark\',\n    nodeVersion: \'7.7\',\n};\n\ngen({ outputDir, templateDir, data })\n    .then(() => {\n        console.log(\'✅  Generated ✅\');\n        process.exit(0);\n    })\n    .catch(error => {\n        console.error(error);\n        console.error(`❌  FAILED to generate ❌`);\n        process.exit(1);\n    });\n\n```\n\n## Longer Example\n\n```js\n#! /usr/bin/env node\n\n\'use strict\';\n\nconst Promise = require(\'bluebird\');\nglobal.Promise = Promise;\n\nconst Inquirer = require(\'inquirer\');\nconst Path = require(\'path\');\nconst program = require(\'commander\');\nconst gen = require(\'easy-generator\');\n\nconst Questions = [{\n    type: \'input\',\n    name: \'name\',\n    message: \'What is the name of your site?\',\n}, {\n    type: \'input\',\n    name: \'description\',\n    message: \'Site\\\'s description?\',\n}, {\n    type: \'input\',\n    name: \'version\',\n    message: \'Site\\\'s version?\',\n}, {\n    type: \'input\',\n    name: \'author\',\n    message: \'Site author?\',\n}, {\n    type: \'input\',\n    name: \'nodeVersion\',\n    message: \'What node version are you using?\',\n    default: \'7.7\',\n}];\n\nconst outputDir = Path.join(process.cwd(), name);\nconst templateDir = \'/SOME/PATH/TO/TEMPLATE/DIR\';\n\nInquirer.prompt(questions(name))\n    .then(answers => {\n        const data = answers;\n        return gen({ templateDir, outputDir, data });\n    })\n    .then(() => {\n        console.log(\'✅  Generated ✅\');\n        process.exit(0);\n    })\n    .catch(error => {\n        console.error(error);\n        console.error(`❌  FAILED to generate ❌`);\n        process.exit(1);\n    });\n\n```\n',
23 silly publish   readmeFilename: 'README.md',
23 silly publish   gitHead: 'ef3f10fc25fae05335c4bfd5446d607027a84215',
23 silly publish   _id: 'easy-generator@1.0.0',
23 silly publish   scripts: {},
23 silly publish   _shasum: '7a6f086457330f0ea7a3b66eb42b1296ec9ff2e8',
23 silly publish   _from: '.' }
24 info lifecycle easy-generator@1.0.0~prepublishOnly: easy-generator@1.0.0
25 silly lifecycle easy-generator@1.0.0~prepublishOnly: no script for prepublishOnly, continuing
26 verbose getPublishConfig undefined
27 silly mapToRegistry name easy-generator
28 silly mapToRegistry using default registry
29 silly mapToRegistry registry https://registry.npmjs.org/
30 silly mapToRegistry data Result {
30 silly mapToRegistry   raw: 'easy-generator',
30 silly mapToRegistry   scope: null,
30 silly mapToRegistry   escapedName: 'easy-generator',
30 silly mapToRegistry   name: 'easy-generator',
30 silly mapToRegistry   rawSpec: '',
30 silly mapToRegistry   spec: 'latest',
30 silly mapToRegistry   type: 'tag' }
31 silly mapToRegistry uri https://registry.npmjs.org/easy-generator
32 verbose publish registryBase https://registry.npmjs.org/
33 silly publish uploading /Users/Glagola/.npm/easy-generator/1.0.0/package.tgz
34 verbose request uri https://registry.npmjs.org/easy-generator
35 verbose request sending authorization for write operation
36 info attempt registry request try #1 at 1:41:36 PM
37 verbose request using bearer token for auth
38 verbose request id b1440503a83642ac
39 http request PUT https://registry.npmjs.org/easy-generator
40 http 403 https://registry.npmjs.org/easy-generator
41 verbose headers { 'content-type': 'application/json',
41 verbose headers   'cache-control': 'max-age=300',
41 verbose headers   'content-length': '95',
41 verbose headers   'accept-ranges': 'bytes',
41 verbose headers   date: 'Sun, 19 Mar 2017 18:41:37 GMT',
41 verbose headers   via: '1.1 varnish',
41 verbose headers   connection: 'keep-alive',
41 verbose headers   'x-served-by': 'cache-ord1743-ORD',
41 verbose headers   'x-cache': 'MISS',
41 verbose headers   'x-cache-hits': '0',
41 verbose headers   'x-timer': 'S1489948896.703200,VS0,VE749',
41 verbose headers   vary: 'Accept-Encoding' }
42 verbose request invalidating /Users/Glagola/.npm/registry.npmjs.org/easy-generator on PUT
43 error publish Failed PUT 403
44 verbose stack Error: "You cannot publish over the previously published version 1.0.0." : easy-generator
44 verbose stack     at makeError (/usr/local/lib/node_modules/npm/node_modules/npm-registry-client/lib/request.js:304:12)
44 verbose stack     at CachingRegistryClient.<anonymous> (/usr/local/lib/node_modules/npm/node_modules/npm-registry-client/lib/request.js:292:14)
44 verbose stack     at Request._callback (/usr/local/lib/node_modules/npm/node_modules/npm-registry-client/lib/request.js:212:14)
44 verbose stack     at Request.self.callback (/usr/local/lib/node_modules/npm/node_modules/request/request.js:186:22)
44 verbose stack     at emitTwo (events.js:106:13)
44 verbose stack     at Request.emit (events.js:191:7)
44 verbose stack     at Request.<anonymous> (/usr/local/lib/node_modules/npm/node_modules/request/request.js:1081:10)
44 verbose stack     at emitOne (events.js:96:13)
44 verbose stack     at Request.emit (events.js:188:7)
44 verbose stack     at IncomingMessage.<anonymous> (/usr/local/lib/node_modules/npm/node_modules/request/request.js:1001:12)
45 verbose statusCode 403
46 verbose pkgid easy-generator
47 verbose cwd /Users/Glagola/projects/easi/generator
48 error Darwin 16.4.0
49 error argv "/usr/local/bin/node" "/usr/local/bin/npm" "publish"
50 error node v6.7.0
51 error npm  v4.1.2
52 error code E403
53 error "You cannot publish over the previously published version 1.0.0." : easy-generator
54 error If you need help, you may report this error at:
54 error     <https://github.com/npm/npm/issues>
55 verbose exit [ 1, true ]
